\BOOKMARK [1][-]{section.1}{Function\040Requirements}{}% 1
\BOOKMARK [2][-]{subsection.1.1}{Challenge}{section.1}% 2
\BOOKMARK [2][-]{subsection.1.2}{Functional\040Requirements}{section.1}% 3
\BOOKMARK [3][-]{subsubsection.1.2.1}{Client\040Requirements}{subsection.1.2}% 4
\BOOKMARK [3][-]{subsubsection.1.2.2}{Implementation\040Requirements}{subsection.1.2}% 5
\BOOKMARK [1][-]{section.2}{Feature\040Comparison}{}% 6
\BOOKMARK [2][-]{subsection.2.1}{Database}{section.2}% 7
\BOOKMARK [2][-]{subsection.2.2}{Programming\040Language}{section.2}% 8
\BOOKMARK [2][-]{subsection.2.3}{Server}{section.2}% 9
\BOOKMARK [1][-]{section.3}{Implementations\040&\040Various\040Ends}{}% 10
\BOOKMARK [2][-]{subsection.3.1}{Login}{section.3}% 11
\BOOKMARK [2][-]{subsection.3.2}{Dashboard}{section.3}% 12
\BOOKMARK [2][-]{subsection.3.3}{Dismissal}{section.3}% 13
\BOOKMARK [2][-]{subsection.3.4}{Message}{section.3}% 14
\BOOKMARK [2][-]{subsection.3.5}{Personal\040Information}{section.3}% 15
\BOOKMARK [1][-]{section.4}{Individual\040Contribution}{}% 16
\BOOKMARK [2][-]{subsection.4.1}{Wanjun\040Xu}{section.4}% 17
\BOOKMARK [2][-]{subsection.4.2}{Wenjia\040Liu}{section.4}% 18
\BOOKMARK [2][-]{subsection.4.3}{Anjie\040Wang}{section.4}% 19
\BOOKMARK [2][-]{subsection.4.4}{Hanxiang\040Ren}{section.4}% 20
\BOOKMARK [1][-]{section.5}{Lessons\040Learned}{}% 21
